<?xml version="1.0" encoding="UTF-8"?>
<!-- Generated by org.testng.reporters.JUnitReportReporter -->
<testsuite skipped="0" hostname="DESKTOP-0J47P2G" name="com.qa.hubspot.tests.LoginPageTest" tests="6" failures="0" timestamp="26 Jul 2020 02:00:33 GMT" time="35.903" errors="0">
  <testcase name="verifySignUpLinkTest" time="8.858" classname="com.qa.hubspot.tests.LoginPageTest"/>
  <testcase name="verifySignUpLinkTest" time="6.363" classname="com.qa.hubspot.tests.LoginPageTest"/>
  <testcase name="verifyLoginPageTitleTest" time="0.138" classname="com.qa.hubspot.tests.LoginPageTest"/>
  <testcase name="verifyLoginPageTitleTest" time="0.543" classname="com.qa.hubspot.tests.LoginPageTest"/>
  <testcase name="loginTest" time="4.596" classname="com.qa.hubspot.tests.LoginPageTest"/>
  <testcase name="loginTest" time="15.405" classname="com.qa.hubspot.tests.LoginPageTest"/>
</testsuite> <!-- com.qa.hubspot.tests.LoginPageTest -->
