<?xml version="1.0" encoding="UTF-8"?>
<!-- Generated by org.testng.reporters.JUnitReportReporter -->
<testsuite skipped="0" hostname="DESKTOP-0J47P2G" name="com.qa.hubspot.tests.HomePageTest" tests="3" failures="0" timestamp="30 Jul 2020 02:35:24 GMT" time="13.074" errors="0">
  <testcase name="verifyHomePageHeaderTest" time="12.145" classname="com.qa.hubspot.tests.HomePageTest"/>
  <testcase name="verifyHomePageTitleTest" time="0.179" classname="com.qa.hubspot.tests.HomePageTest"/>
  <testcase name="verifyLoggedInUserTest" time="0.750" classname="com.qa.hubspot.tests.HomePageTest"/>
</testsuite> <!-- com.qa.hubspot.tests.HomePageTest -->
