<?xml version="1.0" encoding="UTF-8"?>
<!-- Generated by org.testng.reporters.JUnitReportReporter -->
<testsuite skipped="0" hostname="DESKTOP-0J47P2G" name="com.qa.hubspot.tests.LoginPageTest" tests="3" failures="0" timestamp="27 Jul 2020 02:56:23 GMT" time="9.915" errors="0">
  <testcase name="verifySignUpLinkTest" time="7.930" classname="com.qa.hubspot.tests.LoginPageTest"/>
  <testcase name="verifyLoginPageTitleTest" time="0.272" classname="com.qa.hubspot.tests.LoginPageTest"/>
  <testcase name="loginTest" time="1.713" classname="com.qa.hubspot.tests.LoginPageTest"/>
</testsuite> <!-- com.qa.hubspot.tests.LoginPageTest -->
