<?xml version="1.0" encoding="UTF-8"?>
<!-- Generated by org.testng.reporters.JUnitReportReporter -->
<testsuite skipped="0" hostname="DESKTOP-0J47P2G" name="com.qa.hubspot.tests.LoginPageTest" tests="3" failures="0" timestamp="27 Jul 2020 03:26:17 GMT" time="11.081" errors="0">
  <testcase name="verifySignUpLinkTest" time="9.118" classname="com.qa.hubspot.tests.LoginPageTest"/>
  <testcase name="verifyLoginPageTitleTest" time="0.399" classname="com.qa.hubspot.tests.LoginPageTest"/>
  <testcase name="loginTest" time="1.564" classname="com.qa.hubspot.tests.LoginPageTest"/>
</testsuite> <!-- com.qa.hubspot.tests.LoginPageTest -->
